This is pdfTeX, Version 3.1415926-2.4-1.40.13 (TeX Live 2012/TeX Live for SUSE Linux) (format=pdflatex 2013.9.12)  27 OCT 2014 08:54
entering extended mode
 restricted \write18 enabled.
 %&-line parsing enabled.
**deschippers1396250faass1407937.tex
(./deschippers1396250faass1407937.tex
LaTeX2e <2011/06/27>
Babel <v3.8m> and hyphenation patterns for english, dumylang, nohyphenation, ge
rman-x-2011-07-01, ngerman-x-2011-07-01, afrikaans, ancientgreek, ibycus, arabi
c, armenian, basque, bulgarian, catalan, pinyin, coptic, croatian, czech, danis
h, dutch, ukenglish, usenglishmax, esperanto, estonian, ethiopic, farsi, finnis
h, french, friulan, galician, german, ngerman, swissgerman, monogreek, greek, h
ungarian, icelandic, assamese, bengali, gujarati, hindi, kannada, malayalam, ma
rathi, oriya, panjabi, tamil, telugu, indonesian, interlingua, irish, italian, 
kurmanji, lao, latin, latvian, lithuanian, mongolian, mongolianlmc, bokmal, nyn
orsk, polish, portuguese, romanian, romansh, russian, sanskrit, serbian, serbia
nc, slovak, slovenian, spanish, swedish, turkish, turkmen, ukrainian, uppersorb
ian, welsh, loaded.
(/usr/share/texmf/tex/latex/base/article.cls
Document Class: article 2007/10/19 v1.4h Standard LaTeX document class
(/usr/share/texmf/tex/latex/base/size10.clo
File: size10.clo 2007/10/19 v1.4h Standard LaTeX file (size option)
)
\c@part=\count79
\c@section=\count80
\c@subsection=\count81
\c@subsubsection=\count82
\c@paragraph=\count83
\c@subparagraph=\count84
\c@figure=\count85
\c@table=\count86
\abovecaptionskip=\skip41
\belowcaptionskip=\skip42
\bibindent=\dimen102
)
(/usr/share/texmf/tex/latex/base/inputenc.sty
Package: inputenc 2008/03/30 v1.1d Input encoding file
\inpenc@prehook=\toks14
\inpenc@posthook=\toks15

(/usr/share/texmf/tex/latex/base/utf8.def
File: utf8.def 2008/04/05 v1.1m UTF-8 support for inputenc
Now handling font encoding OML ...
... no UTF-8 mapping file for font encoding OML
Now handling font encoding T1 ...
... processing UTF-8 mapping file for font encoding T1

(/usr/share/texmf/tex/latex/base/t1enc.dfu
File: t1enc.dfu 2008/04/05 v1.1m UTF-8 support for inputenc
   defining Unicode char U+00A1 (decimal 161)
   defining Unicode char U+00A3 (decimal 163)
   defining Unicode char U+00AB (decimal 171)
   defining Unicode char U+00BB (decimal 187)
   defining Unicode char U+00BF (decimal 191)
   defining Unicode char U+00C0 (decimal 192)
   defining Unicode char U+00C1 (decimal 193)
   defining Unicode char U+00C2 (decimal 194)
   defining Unicode char U+00C3 (decimal 195)
   defining Unicode char U+00C4 (decimal 196)
   defining Unicode char U+00C5 (decimal 197)
   defining Unicode char U+00C6 (decimal 198)
   defining Unicode char U+00C7 (decimal 199)
   defining Unicode char U+00C8 (decimal 200)
   defining Unicode char U+00C9 (decimal 201)
   defining Unicode char U+00CA (decimal 202)
   defining Unicode char U+00CB (decimal 203)
   defining Unicode char U+00CC (decimal 204)
   defining Unicode char U+00CD (decimal 205)
   defining Unicode char U+00CE (decimal 206)
   defining Unicode char U+00CF (decimal 207)
   defining Unicode char U+00D0 (decimal 208)
   defining Unicode char U+00D1 (decimal 209)
   defining Unicode char U+00D2 (decimal 210)
   defining Unicode char U+00D3 (decimal 211)
   defining Unicode char U+00D4 (decimal 212)
   defining Unicode char U+00D5 (decimal 213)
   defining Unicode char U+00D6 (decimal 214)
   defining Unicode char U+00D8 (decimal 216)
   defining Unicode char U+00D9 (decimal 217)
   defining Unicode char U+00DA (decimal 218)
   defining Unicode char U+00DB (decimal 219)
   defining Unicode char U+00DC (decimal 220)
   defining Unicode char U+00DD (decimal 221)
   defining Unicode char U+00DE (decimal 222)
   defining Unicode char U+00DF (decimal 223)
   defining Unicode char U+00E0 (decimal 224)
   defining Unicode char U+00E1 (decimal 225)
   defining Unicode char U+00E2 (decimal 226)
   defining Unicode char U+00E3 (decimal 227)
   defining Unicode char U+00E4 (decimal 228)
   defining Unicode char U+00E5 (decimal 229)
   defining Unicode char U+00E6 (decimal 230)
   defining Unicode char U+00E7 (decimal 231)
   defining Unicode char U+00E8 (decimal 232)
   defining Unicode char U+00E9 (decimal 233)
   defining Unicode char U+00EA (decimal 234)
   defining Unicode char U+00EB (decimal 235)
   defining Unicode char U+00EC (decimal 236)
   defining Unicode char U+00ED (decimal 237)
   defining Unicode char U+00EE (decimal 238)
   defining Unicode char U+00EF (decimal 239)
   defining Unicode char U+00F0 (decimal 240)
   defining Unicode char U+00F1 (decimal 241)
   defining Unicode char U+00F2 (decimal 242)
   defining Unicode char U+00F3 (decimal 243)
   defining Unicode char U+00F4 (decimal 244)
   defining Unicode char U+00F5 (decimal 245)
   defining Unicode char U+00F6 (decimal 246)
   defining Unicode char U+00F8 (decimal 248)
   defining Unicode char U+00F9 (decimal 249)
   defining Unicode char U+00FA (decimal 250)
   defining Unicode char U+00FB (decimal 251)
   defining Unicode char U+00FC (decimal 252)
   defining Unicode char U+00FD (decimal 253)
   defining Unicode char U+00FE (decimal 254)
   defining Unicode char U+00FF (decimal 255)
   defining Unicode char U+0102 (decimal 258)
   defining Unicode char U+0103 (decimal 259)
   defining Unicode char U+0104 (decimal 260)
   defining Unicode char U+0105 (decimal 261)
   defining Unicode char U+0106 (decimal 262)
   defining Unicode char U+0107 (decimal 263)
   defining Unicode char U+010C (decimal 268)
   defining Unicode char U+010D (decimal 269)
   defining Unicode char U+010E (decimal 270)
   defining Unicode char U+010F (decimal 271)
   defining Unicode char U+0110 (decimal 272)
   defining Unicode char U+0111 (decimal 273)
   defining Unicode char U+0118 (decimal 280)
   defining Unicode char U+0119 (decimal 281)
   defining Unicode char U+011A (decimal 282)
   defining Unicode char U+011B (decimal 283)
   defining Unicode char U+011E (decimal 286)
   defining Unicode char U+011F (decimal 287)
   defining Unicode char U+0130 (decimal 304)
   defining Unicode char U+0131 (decimal 305)
   defining Unicode char U+0132 (decimal 306)
   defining Unicode char U+0133 (decimal 307)
   defining Unicode char U+0139 (decimal 313)
   defining Unicode char U+013A (decimal 314)
   defining Unicode char U+013D (decimal 317)
   defining Unicode char U+013E (decimal 318)
   defining Unicode char U+0141 (decimal 321)
   defining Unicode char U+0142 (decimal 322)
   defining Unicode char U+0143 (decimal 323)
   defining Unicode char U+0144 (decimal 324)
   defining Unicode char U+0147 (decimal 327)
   defining Unicode char U+0148 (decimal 328)
   defining Unicode char U+014A (decimal 330)
   defining Unicode char U+014B (decimal 331)
   defining Unicode char U+0150 (decimal 336)
   defining Unicode char U+0151 (decimal 337)
   defining Unicode char U+0152 (decimal 338)
   defining Unicode char U+0153 (decimal 339)
   defining Unicode char U+0154 (decimal 340)
   defining Unicode char U+0155 (decimal 341)
   defining Unicode char U+0158 (decimal 344)
   defining Unicode char U+0159 (decimal 345)
   defining Unicode char U+015A (decimal 346)
   defining Unicode char U+015B (decimal 347)
   defining Unicode char U+015E (decimal 350)
   defining Unicode char U+015F (decimal 351)
   defining Unicode char U+0160 (decimal 352)
   defining Unicode char U+0161 (decimal 353)
   defining Unicode char U+0162 (decimal 354)
   defining Unicode char U+0163 (decimal 355)
   defining Unicode char U+0164 (decimal 356)
   defining Unicode char U+0165 (decimal 357)
   defining Unicode char U+016E (decimal 366)
   defining Unicode char U+016F (decimal 367)
   defining Unicode char U+0170 (decimal 368)
   defining Unicode char U+0171 (decimal 369)
   defining Unicode char U+0178 (decimal 376)
   defining Unicode char U+0179 (decimal 377)
   defining Unicode char U+017A (decimal 378)
   defining Unicode char U+017B (decimal 379)
   defining Unicode char U+017C (decimal 380)
   defining Unicode char U+017D (decimal 381)
   defining Unicode char U+017E (decimal 382)
   defining Unicode char U+200C (decimal 8204)
   defining Unicode char U+2013 (decimal 8211)
   defining Unicode char U+2014 (decimal 8212)
   defining Unicode char U+2018 (decimal 8216)
   defining Unicode char U+2019 (decimal 8217)
   defining Unicode char U+201A (decimal 8218)
   defining Unicode char U+201C (decimal 8220)
   defining Unicode char U+201D (decimal 8221)
   defining Unicode char U+201E (decimal 8222)
   defining Unicode char U+2030 (decimal 8240)
   defining Unicode char U+2031 (decimal 8241)
   defining Unicode char U+2039 (decimal 8249)
   defining Unicode char U+203A (decimal 8250)
   defining Unicode char U+2423 (decimal 9251)
)
Now handling font encoding OT1 ...
... processing UTF-8 mapping file for font encoding OT1

(/usr/share/texmf/tex/latex/base/ot1enc.dfu
File: ot1enc.dfu 2008/04/05 v1.1m UTF-8 support for inputenc
   defining Unicode char U+00A1 (decimal 161)
   defining Unicode char U+00A3 (decimal 163)
   defining Unicode char U+00B8 (decimal 184)
   defining Unicode char U+00BF (decimal 191)
   defining Unicode char U+00C5 (decimal 197)
   defining Unicode char U+00C6 (decimal 198)
   defining Unicode char U+00D8 (decimal 216)
   defining Unicode char U+00DF (decimal 223)
   defining Unicode char U+00E6 (decimal 230)
   defining Unicode char U+00EC (decimal 236)
   defining Unicode char U+00ED (decimal 237)
   defining Unicode char U+00EE (decimal 238)
   defining Unicode char U+00EF (decimal 239)
   defining Unicode char U+00F8 (decimal 248)
   defining Unicode char U+0131 (decimal 305)
   defining Unicode char U+0141 (decimal 321)
   defining Unicode char U+0142 (decimal 322)
   defining Unicode char U+0152 (decimal 338)
   defining Unicode char U+0153 (decimal 339)
   defining Unicode char U+2013 (decimal 8211)
   defining Unicode char U+2014 (decimal 8212)
   defining Unicode char U+2018 (decimal 8216)
   defining Unicode char U+2019 (decimal 8217)
   defining Unicode char U+201C (decimal 8220)
   defining Unicode char U+201D (decimal 8221)
)
Now handling font encoding OMS ...
... processing UTF-8 mapping file for font encoding OMS

(/usr/share/texmf/tex/latex/base/omsenc.dfu
File: omsenc.dfu 2008/04/05 v1.1m UTF-8 support for inputenc
   defining Unicode char U+00A7 (decimal 167)
   defining Unicode char U+00B6 (decimal 182)
   defining Unicode char U+00B7 (decimal 183)
   defining Unicode char U+2020 (decimal 8224)
   defining Unicode char U+2021 (decimal 8225)
   defining Unicode char U+2022 (decimal 8226)
)
Now handling font encoding OMX ...
... no UTF-8 mapping file for font encoding OMX
Now handling font encoding U ...
... no UTF-8 mapping file for font encoding U
   defining Unicode char U+00A9 (decimal 169)
   defining Unicode char U+00AA (decimal 170)
   defining Unicode char U+00AE (decimal 174)
   defining Unicode char U+00BA (decimal 186)
   defining Unicode char U+02C6 (decimal 710)
   defining Unicode char U+02DC (decimal 732)
   defining Unicode char U+200C (decimal 8204)
   defining Unicode char U+2026 (decimal 8230)
   defining Unicode char U+2122 (decimal 8482)
   defining Unicode char U+2423 (decimal 9251)
))
(/usr/share/texmf/tex/latex/listings/listings.sty
(/usr/share/texmf/tex/latex/graphics/keyval.sty
Package: keyval 1999/03/16 v1.13 key=value parser (DPC)
\KV@toks@=\toks16
)
\lst@mode=\count87
\lst@gtempboxa=\box26
\lst@token=\toks17
\lst@length=\count88
\lst@currlwidth=\dimen103
\lst@column=\count89
\lst@pos=\count90
\lst@lostspace=\dimen104
\lst@width=\dimen105
\lst@newlines=\count91
\lst@lineno=\count92
\lst@maxwidth=\dimen106

(/usr/share/texmf/tex/latex/listings/lstmisc.sty
File: lstmisc.sty 2007/02/22 1.4 (Carsten Heinz)
\c@lstnumber=\count93
\lst@skipnumbers=\count94
\lst@framebox=\box27
)
(/usr/share/texmf/tex/latex/listings/listings.cfg
File: listings.cfg 2007/02/22 1.4 listings configuration
))
Package: listings 2007/02/22 1.4 (Carsten Heinz)

(/usr/share/texmf/tex/latex/listings/lstlang1.sty
File: lstlang1.sty 2004/09/05 1.3 listings language file
)
(/usr/share/texmf/tex/latex/listings/lstlang1.sty
File: lstlang1.sty 2004/09/05 1.3 listings language file
)
(/usr/share/texmf/tex/latex/listings/lstmisc.sty
File: lstmisc.sty 2007/02/22 1.4 (Carsten Heinz)
)
(/usr/share/texmf/tex/latex/amsmath/amsmath.sty
Package: amsmath 2000/07/18 v2.13 AMS math features
\@mathmargin=\skip43

For additional information on amsmath, use the `?' option.
(/usr/share/texmf/tex/latex/amsmath/amstext.sty
Package: amstext 2000/06/29 v2.01

(/usr/share/texmf/tex/latex/amsmath/amsgen.sty
File: amsgen.sty 1999/11/30 v2.0
\@emptytoks=\toks18
\ex@=\dimen107
))
(/usr/share/texmf/tex/latex/amsmath/amsbsy.sty
Package: amsbsy 1999/11/29 v1.2d
\pmbraise@=\dimen108
)
(/usr/share/texmf/tex/latex/amsmath/amsopn.sty
Package: amsopn 1999/12/14 v2.01 operator names
)
\inf@bad=\count95
LaTeX Info: Redefining \frac on input line 211.
\uproot@=\count96
\leftroot@=\count97
LaTeX Info: Redefining \overline on input line 307.
\classnum@=\count98
\DOTSCASE@=\count99
LaTeX Info: Redefining \ldots on input line 379.
LaTeX Info: Redefining \dots on input line 382.
LaTeX Info: Redefining \cdots on input line 467.
\Mathstrutbox@=\box28
\strutbox@=\box29
\big@size=\dimen109
LaTeX Font Info:    Redeclaring font encoding OML on input line 567.
LaTeX Font Info:    Redeclaring font encoding OMS on input line 568.
\macc@depth=\count100
\c@MaxMatrixCols=\count101
\dotsspace@=\muskip10
\c@parentequation=\count102
\dspbrk@lvl=\count103
\tag@help=\toks19
\row@=\count104
\column@=\count105
\maxfields@=\count106
\andhelp@=\toks20
\eqnshift@=\dimen110
\alignsep@=\dimen111
\tagshift@=\dimen112
\tagwidth@=\dimen113
\totwidth@=\dimen114
\lineht@=\dimen115
\@envbody=\toks21
\multlinegap=\skip44
\multlinetaggap=\skip45
\mathdisplay@stack=\toks22
LaTeX Info: Redefining \[ on input line 2666.
LaTeX Info: Redefining \] on input line 2667.
)
(./deschippers1396250faass1407937.aux)
\openout1 = `deschippers1396250faass1407937.aux'.

LaTeX Font Info:    Checking defaults for OML/cmm/m/it on input line 17.
LaTeX Font Info:    ... okay on input line 17.
LaTeX Font Info:    Checking defaults for T1/cmr/m/n on input line 17.
LaTeX Font Info:    ... okay on input line 17.
LaTeX Font Info:    Checking defaults for OT1/cmr/m/n on input line 17.
LaTeX Font Info:    ... okay on input line 17.
LaTeX Font Info:    Checking defaults for OMS/cmsy/m/n on input line 17.
LaTeX Font Info:    ... okay on input line 17.
LaTeX Font Info:    Checking defaults for OMX/cmex/m/n on input line 17.
LaTeX Font Info:    ... okay on input line 17.
LaTeX Font Info:    Checking defaults for U/cmr/m/n on input line 17.
LaTeX Font Info:    ... okay on input line 17.
\c@lstlisting=\count107
LaTeX Font Info:    Try loading font information for OMS+cmr on input line 29.

(/usr/share/texmf/tex/latex/base/omscmr.fd
File: omscmr.fd 1999/05/25 v2.5h Standard LaTeX font definitions
)
LaTeX Font Info:    Font shape `OMS/cmr/m/n' in size <10> not available
(Font)              Font shape `OMS/cmsy/m/n' tried instead on input line 29.
 [1

{/var/lib/texmf/fonts/map/pdftex/updmap/pdftex.map}] [2]
Overfull \hbox (22.44452pt too wide) in paragraph at lines 132--136
\OT1/cmr/m/n/10 Om strings te on-tle-den naar bomen maken we ge-bruik van een t
o-k-enizer (\OT1/cmtt/m/n/10 tokenize()\OT1/cmr/m/n/10 )
 []

[3] [4]
Underfull \hbox (badness 10000) in paragraph at lines 169--170

 []

[5]
Underfull \hbox (badness 10000) in paragraph at lines 228--229

 []

(../src/ExpressionAtom.h
LaTeX Font Info:    Try loading font information for OML+cmr on input line 13.
 (/usr/share/texmf/tex/latex/base/omlcmr.fd
File: omlcmr.fd 1999/05/25 v2.5h Standard LaTeX font definitions
)
LaTeX Font Info:    Font shape `OML/cmr/m/n' in size <9> not available
(Font)              Font shape `OML/cmm/m/it' tried instead on input line 13.
LaTeX Font Info:    Font shape `OMS/cmr/m/n' in size <9> not available
(Font)              Font shape `OMS/cmsy/m/n' tried instead on input line 17.
 [6]
Overfull \hbox (71.25137pt too wide) in paragraph at lines 28--29
[][][][][][][][][][][][][][][][][][][][][][][][] 
 []


Overfull \hbox (4.65115pt too wide) in paragraph at lines 37--38
[][][][][][][][][][][][][][][][][][][][][][][][] 
 []


Overfull \hbox (4.65115pt too wide) in paragraph at lines 38--39
[][][][][][][][][][][][][][][][][][][][][][][][] 
 []


Overfull \hbox (4.65115pt too wide) in paragraph at lines 39--40
[][][][][][][][][][][][][][][][][][][][][][][][] 
 []


Overfull \hbox (4.65115pt too wide) in paragraph at lines 40--42
[][][][][][][][][][][][][][][][][][][][][][][][] 
 []

[7]
Overfull \hbox (82.35141pt too wide) in paragraph at lines 79--80
[][][][][][][][][][][][][][][][][][][][][][][][] 
 []


Overfull \hbox (32.40125pt too wide) in paragraph at lines 80--81
[][][][][][][][][][][][][][][][][][][][][][][][] 
 []


Overfull \hbox (26.85123pt too wide) in paragraph at lines 82--83
[][][][][][][][][][][][][][][][][][][][][][] 
 []


Overfull \hbox (21.30121pt too wide) in paragraph at lines 83--84
[][][][][][][][][][][][][][][][][][][][][] 
 []


Overfull \hbox (26.85123pt too wide) in paragraph at lines 85--86
[][][][][][][][][][][][][][][][][][][][][][][][][] 
 []


Overfull \hbox (76.80139pt too wide) in paragraph at lines 96--97
[][][][][][][][][][][][][][][][][][][][][][][][][] 
 []


Overfull \hbox (26.85123pt too wide) in paragraph at lines 97--98
[][][][][][][][][][][][][][][][][][][][][][][][][][] 
 []


Overfull \hbox (76.80139pt too wide) in paragraph at lines 109--110
[][][][][][][][][][][][][][][][][][][][][][][][][] 
 []


Overfull \hbox (26.85123pt too wide) in paragraph at lines 110--111
[][][][][][][][][][][][][][][][][][][][][][][][][][] 
 []


Overfull \hbox (54.60132pt too wide) in paragraph at lines 112--113
[][][][][][][][][][][][][][][][][][][][][][][][][][][] 
 []


Overfull \hbox (43.50128pt too wide) in paragraph at lines 114--115
[][][][][][][][][][][][][][][][][][][][][][][][][] 
 []


Overfull \hbox (76.80139pt too wide) in paragraph at lines 124--125
[][][][][][][][][][][][][][][][][][][][][][][][][] 
 []


Overfull \hbox (26.85123pt too wide) in paragraph at lines 125--126
[][][][][][][][][][][][][][][][][][][][][][][][][][] 
 []


Overfull \hbox (21.30121pt too wide) in paragraph at lines 126--127
[][][][][][][][][][][][][][][][][][][][][] 
 []


Overfull \hbox (49.0513pt too wide) in paragraph at lines 127--128
[][][][][][][][][][][][][][][][][][][][][][][][][][][] 
 []

[8]
Overfull \hbox (54.60132pt too wide) in paragraph at lines 129--130
[][][][][][][][][][][][][][][][][][][][][][][][][][][] 
 []


Overfull \hbox (26.85123pt too wide) in paragraph at lines 131--132
[][][][][][][][][][][][][][][][][][][][][][][] 
 []


Overfull \hbox (32.40125pt too wide) in paragraph at lines 133--134
[][][][][][][][][][][][][][][][][][][][] 
 []


Overfull \hbox (32.40125pt too wide) in paragraph at lines 134--135
[][][][][][][][][][][][][][][][][][][][] 
 []


Overfull \hbox (32.40125pt too wide) in paragraph at lines 135--136
[][][][][][][][][][][][][][][][][][][][] 
 []


Overfull \hbox (32.40125pt too wide) in paragraph at lines 136--138
[][][][][][][][][][][][][][][][][][][][] 
 []


Overfull \hbox (76.80139pt too wide) in paragraph at lines 141--142
[][][][][][][][][][][][][][][][][][][][][][][][][] 
 []


Overfull \hbox (26.85123pt too wide) in paragraph at lines 142--143
[][][][][][][][][][][][][][][][][][][][][][][][][][] 
 []


Overfull \hbox (21.30121pt too wide) in paragraph at lines 143--144
[][][][][][][][][][][][][][][][][][][][][] 
 []


Overfull \hbox (49.0513pt too wide) in paragraph at lines 144--145
[][][][][][][][][][][][][][][][][][][][][][][][][][][] 
 []


Overfull \hbox (54.60132pt too wide) in paragraph at lines 146--147
[][][][][][][][][][][][][][][][][][][][][][][][][][][] 
 []


Overfull \hbox (26.85123pt too wide) in paragraph at lines 148--149
[][][][][][][][][][][][][][][][][][][][][][][] 
 []


Overfull \hbox (10.20117pt too wide) in paragraph at lines 150--151
[][][][][][][][][][][][][][][][][][][][] 
 []


Overfull \hbox (26.85123pt too wide) in paragraph at lines 154--155
[][][][][][][][][][][][][][][][][][][][][][][][][] 
 []


Overfull \hbox (21.30121pt too wide) in paragraph at lines 156--157
[][][][][][][][][][][][][][][][][][][][][] 
 []


Overfull \hbox (49.0513pt too wide) in paragraph at lines 157--158
[][][][][][][][][][][][][][][][][][][][][][][][][][][] 
 []


Overfull \hbox (26.85123pt too wide) in paragraph at lines 159--160
[][][][][][][][][][][][][][][][][][][][][][][] 
 []


Overfull \hbox (26.85123pt too wide) in paragraph at lines 167--168
[][][][][][][][][][][][][][][][][][][][][][][][][][] 
 []


Overfull \hbox (4.65115pt too wide) in paragraph at lines 168--169
[][][][][][][][][][][][][][][][][][][][][][][][][][][] 
 []


Overfull \hbox (60.15134pt too wide) in paragraph at lines 171--172
[][][][][][][][][][][][][][][][][][][][][][][][][][][] 
 []


Overfull \hbox (82.35141pt too wide) in paragraph at lines 173--174
[][][][][][][][][][][][][][][][][][][][][][][][][][][] 
 []


Overfull \hbox (110.1015pt too wide) in paragraph at lines 175--176
[][][][][][][][][][][][][][][][][][][][][][][][][][][] 
 []


Overfull \hbox (43.50128pt too wide) in paragraph at lines 177--178
[][][][][][][][][][][][][][][][][][][][][][][][][][][] 
 []


Overfull \hbox (49.0513pt too wide) in paragraph at lines 179--180
[][][][][][][][][][][][][][][][][][][][][][][][][][][] 
 []


Overfull \hbox (43.50128pt too wide) in paragraph at lines 181--183
[][][][][][][][][][][][][][][][][][][][][][][][][] 
 []

[9]
Overfull \hbox (15.75119pt too wide) in paragraph at lines 188--189
[][][][][][][][][][][][][][][][][][][][][][][][][] 
 []


Overfull \hbox (32.40125pt too wide) in paragraph at lines 191--192
[][][][][][][][][][][][][][][][][][][][][][][][][] 
 []


Overfull \hbox (43.50128pt too wide) in paragraph at lines 192--193
[][][][][][][][][][][][][][][][][][][][][][][] 
 []


Overfull \hbox (37.95126pt too wide) in paragraph at lines 193--194
[][][][][][][][][][][][][][][][][][][][][][][][][][] 
 []


Overfull \hbox (37.95126pt too wide) in paragraph at lines 194--195
[][][][][][][][][][][][][][][][][][][][][][][][][][] 
 []


Overfull \hbox (49.0513pt too wide) in paragraph at lines 199--200
[][][][][][][][][][][][][][][][][][][][][][][][][] 
 []


Overfull \hbox (10.20117pt too wide) in paragraph at lines 212--213
[][][][][][][][][][][][][][][][][][][][][][][][][] 
 []


Overfull \hbox (54.60132pt too wide) in paragraph at lines 213--214
[][][][][][][][][][][][][][][][] 
 []


Overfull \hbox (87.90143pt too wide) in paragraph at lines 214--215
[][][][][][][][][][][][][][][][][][][][][][][][] 
 []

[10]
Overfull \hbox (32.40125pt too wide) in paragraph at lines 246--247
[][][][][][][][][][][][][][][][][][][][][][][][][][][] 
 []


Overfull \hbox (15.75119pt too wide) in paragraph at lines 250--252
[][][][][][][][][][][][][][][][][][][][][][][][] 
 []

) (../src/ExpressionAtom.cc
Overfull \hbox (99.00146pt too wide) in paragraph at lines 17--18
[][][][][][][][][][][][][][][][][][][][][][][][] 
 []


Overfull \hbox (110.1015pt too wide) in paragraph at lines 18--19
[][][][][][][][][][][][][][][][][][] 
 []


Overfull \hbox (10.20117pt too wide) in paragraph at lines 21--22
[][][][][][][][][][][][][][][][][][][][][][][][][][] 
 []


Overfull \hbox (10.20117pt too wide) in paragraph at lines 34--35
[][][][][][][][][][][][][][][][][][][][][][][][][][] 
 []

[11]
Overfull \hbox (10.20117pt too wide) in paragraph at lines 47--48
[][][][][][][][][][][][][][][][][][][][][][][][][][] 
 []


Overfull \hbox (10.20117pt too wide) in paragraph at lines 54--55
[][][][][][][][][][][][][][][][][][][][][][][][][][] 
 []


Overfull \hbox (71.25137pt too wide) in paragraph at lines 63--64
[][][][][][][][][][][][][][][][][][][][][][][][][][][][][][][] 
 []


Overfull \hbox (54.60132pt too wide) in paragraph at lines 67--68
[][][][][][][][][][][][][][][][][][][][][][][][] 
 []


Overfull \hbox (82.35141pt too wide) in paragraph at lines 71--72
[][][][][][][][][][][][][][][][][][][][][][][][][][] 
 []


Overfull \hbox (54.60132pt too wide) in paragraph at lines 75--76
[][][][][][][][][][][][][][][][][][][][][][][][] 
 []


Overfull \hbox (54.60132pt too wide) in paragraph at lines 79--80
[][][][][][][][][][][][][][][][][][][][][][][][] 
 []


Overfull \hbox (43.50128pt too wide) in paragraph at lines 83--84
[][][][][][][][][][][][][][][][][][][][][][][][] 
 []


Overfull \hbox (87.90143pt too wide) in paragraph at lines 87--88
[][][][][][][][][][][][][][][][][][][][][][][][] 
 []

[12]
Overfull \hbox (37.95126pt too wide) in paragraph at lines 91--92
[][][][][][][][][][][][][][][][][][][][][][][] 
 []


Overfull \hbox (21.30121pt too wide) in paragraph at lines 100--102
[][][][][][][][][][][][][][][][][][] 
 []


Overfull \hbox (32.40125pt too wide) in paragraph at lines 106--108
[][][][][][][][][][][][][][][][][][] 
 []


Overfull \hbox (32.40125pt too wide) in paragraph at lines 115--116
[][][][][][][][][][][][][][][][][][][][][][][] 
 []


Overfull \hbox (32.40125pt too wide) in paragraph at lines 121--122
[][][][][][][][][][][][][][][][][][][][][][][] 
 []


Overfull \hbox (37.95126pt too wide) in paragraph at lines 127--128
[][][][][][][][][][][][][][][][][][][][][][][] 
 []


Overfull \hbox (37.95126pt too wide) in paragraph at lines 133--134
[][][][][][][][][][][][][][][][][][][][][][][] 
 []


Overfull \hbox (82.35141pt too wide) in paragraph at lines 139--140
[][][][][][][][][][][][][][][][][][][][][][] 
 []


Overfull \hbox (32.40125pt too wide) in paragraph at lines 142--143
[][][][][][][][][][][][][][][][][][][][][][][][] 
 []

[13]
Overfull \hbox (93.45145pt too wide) in paragraph at lines 144--145
[][][][][][][][][][][][][][][][][][][][][][][][][][] 
 []


Overfull \hbox (4.65115pt too wide) in paragraph at lines 145--146
[][][][][][][][][][][][][][][][][][][][][][][][] 
 []


Overfull \hbox (82.35141pt too wide) in paragraph at lines 152--153
[][][][][][][][][][][][][][][][][][][][][][] 
 []


Overfull \hbox (32.40125pt too wide) in paragraph at lines 155--156
[][][][][][][][][][][][][][][][][][][][][][][][] 
 []


Overfull \hbox (93.45145pt too wide) in paragraph at lines 157--158
[][][][][][][][][][][][][][][][][][][][][][][][][][] 
 []


Overfull \hbox (4.65115pt too wide) in paragraph at lines 158--159
[][][][][][][][][][][][][][][][][][][][][][][][] 
 []


Overfull \hbox (82.35141pt too wide) in paragraph at lines 165--166
[][][][][][][][][][][][][][][][][][][][][][] 
 []


Overfull \hbox (32.40125pt too wide) in paragraph at lines 168--169
[][][][][][][][][][][][][][][][][][][][][][][][] 
 []


Overfull \hbox (93.45145pt too wide) in paragraph at lines 170--171
[][][][][][][][][][][][][][][][][][][][][][][][][][] 
 []


Overfull \hbox (4.65115pt too wide) in paragraph at lines 171--172
[][][][][][][][][][][][][][][][][][][][][][][][] 
 []


Overfull \hbox (82.35141pt too wide) in paragraph at lines 178--179
[][][][][][][][][][][][][][][][][][][][][][] 
 []


Overfull \hbox (32.40125pt too wide) in paragraph at lines 181--182
[][][][][][][][][][][][][][][][][][][][][][][][] 
 []


Overfull \hbox (93.45145pt too wide) in paragraph at lines 183--184
[][][][][][][][][][][][][][][][][][][][][][][][][][] 
 []


Overfull \hbox (4.65115pt too wide) in paragraph at lines 184--185
[][][][][][][][][][][][][][][][][][][][][][][][] 
 []


Overfull \hbox (60.15134pt too wide) in paragraph at lines 191--192
[][][][][][][][][][][][][][][][][][][][][][] 
 []


Overfull \hbox (37.95126pt too wide) in paragraph at lines 196--197
[][][][][][][][][][][][][][][][][][][][][][][][][][][][][][] 
 []

[14]
Overfull \hbox (15.75119pt too wide) in paragraph at lines 202--203
[][][][][][][][][][][][][][][][][][][][][][][][][][][][] 
 []


Overfull \hbox (26.85123pt too wide) in paragraph at lines 206--207
[][][][][][][][][][][][][][][][][][] 
 []


Overfull \hbox (82.35141pt too wide) in paragraph at lines 212--213
[][][][][][][][][][][][][][][][][][][][][][][][][][][][] 
 []


Overfull \hbox (49.0513pt too wide) in paragraph at lines 219--220
[][][][][][][][][][][][][][][][] 
 []


Overfull \hbox (54.60132pt too wide) in paragraph at lines 234--235
[][][][][][][][][][][][][][][][][][][][][][] 
 []


Overfull \hbox (82.35141pt too wide) in paragraph at lines 237--238
[][][][][][][][][][][][][][][][][][][][][][][][][][] 
 []

[15] [16]
Overfull \hbox (21.30121pt too wide) in paragraph at lines 321--322
[][][][][][][][][][][][][][][][][][][][][][][][][][] 
 []

LaTeX Font Info:    Font shape `OMS/cmr/m/it' in size <9> not available
(Font)              Font shape `OMS/cmsy/m/n' tried instead on input line 345.
[17]) (../src/ExpressionTree.h [18]
Overfull \hbox (10.20117pt too wide) in paragraph at lines 41--42
[][][][][][][][][][][][][][][][][][][][][][][][][] 
 []


Overfull \hbox (60.15134pt too wide) in paragraph at lines 48--49
[][][][][][][][][][][][][][][][][][][][][][][][][][][][][][] 
 []


Overfull \hbox (71.25137pt too wide) in paragraph at lines 49--50
[][][][][][][][][][][][][][][][][][][][][][][][][][][][][][][][][] 
 []


Overfull \hbox (10.20117pt too wide) in paragraph at lines 50--51
[][][][][][][][][][][][][][][][][][][][][][][][] 
 []


Overfull \hbox (43.50128pt too wide) in paragraph at lines 52--53
[][][][][][][][][][][][][][][][][][][][][][][][] 
 []


Overfull \hbox (76.80139pt too wide) in paragraph at lines 58--59
[][][][][][][][][][][][][][][][][][][][][][][][][][][] 
 []


Overfull \hbox (37.95126pt too wide) in paragraph at lines 61--62
[][][][][][][][][][][][][][][][][][][][][][][][][][][] 
 []


Overfull \hbox (21.30121pt too wide) in paragraph at lines 64--66
[][][][][][][][][][][][][][][][][][][][][][] 
 []


Overfull \hbox (82.35141pt too wide) in paragraph at lines 68--69
[][][][][][][][][][][][][][][][][][][][][][][][][][][] 
 []

[19]
Overfull \hbox (32.40125pt too wide) in paragraph at lines 71--72
[][][][][][][][][][][][][][][][][][][][][][][][][] 
 []


Overfull \hbox (4.65115pt too wide) in paragraph at lines 72--73
[][][][][][][][][][][][][][][][][][][][][][] 
 []


Overfull \hbox (71.25137pt too wide) in paragraph at lines 78--79
[][][][][][][][][][][][][][][][][][][][][][][][][] 
 []


Overfull \hbox (82.35141pt too wide) in paragraph at lines 81--82
[][][][][][][][][][][][][][][][][][][][][][][][][][][][][][][] 
 []


Overfull \hbox (82.35141pt too wide) in paragraph at lines 84--85
[][][][][][][][][][][][][][][][][][][][][][][][][] 
 []


Overfull \hbox (71.25137pt too wide) in paragraph at lines 91--92
[][][][][][][][][][][][][][][][][][][][][] 
 []


Overfull \hbox (4.65115pt too wide) in paragraph at lines 92--93
[][][][][][][][][][][][][][][][][][][][][][][] 
 []


Overfull \hbox (10.20117pt too wide) in paragraph at lines 93--94
[][][][][][][][][][][][][][][][][][][] 
 []


Overfull \hbox (93.45145pt too wide) in paragraph at lines 99--100
[][][][][][][][][][][][][][][][][][][][][][][][][][][][][][][] 
 []


Overfull \hbox (82.35141pt too wide) in paragraph at lines 101--102
[][][][][][][][][][][][][][][][][][][][][][][][][][][][] 
 []


Overfull \hbox (4.65115pt too wide) in paragraph at lines 103--104
[][][][][][][][][][][][][][][][][][][][][][][][][][][][][][] 
 []


Overfull \hbox (10.20117pt too wide) in paragraph at lines 104--105
[][][][][][][][][][][][][][][][][][][][][][][][][][] 
 []


Overfull \hbox (82.35141pt too wide) in paragraph at lines 106--108
[][][][][][][][][][][][][][][][][][][][][][] 
 []


Overfull \hbox (99.00146pt too wide) in paragraph at lines 110--111
[][][][][][][][][][][][][][][][][][][][][][][][][][][][][][][] 
 []


Overfull \hbox (82.35141pt too wide) in paragraph at lines 111--112
[][][][][][][][][][][][][][][][][][][][][][][][][][][][] 
 []


Overfull \hbox (110.1015pt too wide) in paragraph at lines 115--117
[][][][][][][][][][][][][][][][][][][][][][][][] 
 []


Overfull \hbox (4.65115pt too wide) in paragraph at lines 120--121
[][][][][][][][][][][][][][][][][][][][][][][][][][][][][][] 
 []


Overfull \hbox (10.20117pt too wide) in paragraph at lines 121--122
[][][][][][][][][][][][][][][][][][][][][][][][][][] 
 []


Overfull \hbox (32.40125pt too wide) in paragraph at lines 122--123
[][][][][][][][][][][][][][][][][][][][][][] 
 []

[20]
Overfull \hbox (10.20117pt too wide) in paragraph at lines 125--127
[][][][][][][][][][][][][][][][][][][] 
 []


Overfull \hbox (87.90143pt too wide) in paragraph at lines 129--130
[][][][][][][][][][][][][][][][][][][][][][][][][][][][][][] 
 []


Overfull \hbox (32.40125pt too wide) in paragraph at lines 131--132
[][][][][][][][][][][][][][][][][][][][][][] 
 []


Overfull \hbox (43.50128pt too wide) in paragraph at lines 134--136
[][][][][][][][][][][][][][][][][][][][][] 
 []


Overfull \hbox (32.40125pt too wide) in paragraph at lines 139--140
[][][][][][][][][][][][][][][][][][][][][][][][][][][][][][][][] 
 []


Overfull \hbox (43.50128pt too wide) in paragraph at lines 140--141
[][][][][][][][][][][][][][][][][][][][][][][][][][][] 
 []


Overfull \hbox (10.20117pt too wide) in paragraph at lines 148--149
[][][][][][][][][][][][][][][][][][][] 
 []


Overfull \hbox (49.0513pt too wide) in paragraph at lines 149--150
[][][][][][][][][][][][][][][][][] 
 []


Overfull \hbox (49.0513pt too wide) in paragraph at lines 150--151
[][][][][][][][][][][][][][][][][] 
 []


Overfull \hbox (93.45145pt too wide) in paragraph at lines 151--152
[][][][][][][][][][][][][][][][][][][][][][][] 
 []


Overfull \hbox (43.50128pt too wide) in paragraph at lines 153--154
[][][][][][][][][][][][][][][][][][][][][][][][][][][][] 
 []


Overfull \hbox (4.65115pt too wide) in paragraph at lines 154--155
[][][][][][][][][][][][][][][][][][][][][][][][][][][][][][] 
 []


Overfull \hbox (49.0513pt too wide) in paragraph at lines 155--156
[][][][][][][][][][][][][][][][][][][][][][][][][][] 
 []


Overfull \hbox (37.95126pt too wide) in paragraph at lines 156--157
[][][][][][][][][][][][][][][][][][][][][][][][][][] 
 []


Overfull \hbox (82.35141pt too wide) in paragraph at lines 157--158
[][][][][][][][][][][][][][][][][][][][][][][][][][][][][][][] 
 []


Overfull \hbox (43.50128pt too wide) in paragraph at lines 160--161
[][][][][][][][][][][][][][][][][][][][][][][][][][][][] 
 []


Overfull \hbox (4.65115pt too wide) in paragraph at lines 166--167
[][][][][][][][][][][][][][][][][][][][] 
 []


Overfull \hbox (15.75119pt too wide) in paragraph at lines 168--169
[][][][][][][][][][] 
 []


Overfull \hbox (4.65115pt too wide) in paragraph at lines 169--170
[][][][][][][][][][][][][][][][][][][][] 
 []


Overfull \hbox (15.75119pt too wide) in paragraph at lines 171--172
[][][][][][][][][][] 
 []


Overfull \hbox (10.20117pt too wide) in paragraph at lines 174--175
[][][][][][][][][][] 
 []


Overfull \hbox (4.65115pt too wide) in paragraph at lines 175--176
[][][][][][][][][][][][][][][][][][][][] 
 []


Overfull \hbox (15.75119pt too wide) in paragraph at lines 177--178
[][][][][][][][][][] 
 []

[21]
Overfull \hbox (4.65115pt too wide) in paragraph at lines 178--179
[][][][][][][][][][][][][][][][][][][][] 
 []


Overfull \hbox (15.75119pt too wide) in paragraph at lines 180--182
[][][][][][][][][][] 
 []


Overfull \hbox (71.25137pt too wide) in paragraph at lines 184--185
[][][][][][][][][][][][][][][][][][][][][] 
 []


Overfull \hbox (54.60132pt too wide) in paragraph at lines 186--187
[][][][][][][][][][][][][][][][][][][][][][][][][][][][][][][] 
 []


Overfull \hbox (4.65115pt too wide) in paragraph at lines 187--188
[][][][][][][][][][][][][][][][][][][][][][][] 
 []


Overfull \hbox (10.20117pt too wide) in paragraph at lines 188--189
[][][][][][][][][][][][][][][][][][][] 
 []


Overfull \hbox (99.00146pt too wide) in paragraph at lines 194--195
[][][][][][][][][][][][][][][][][][][][][][][][][][][][][] 
 []


Overfull \hbox (93.45145pt too wide) in paragraph at lines 198--199
[][][][][][][][][][][][][][][][][][][][][][][][][][][] 
 []


Overfull \hbox (82.35141pt too wide) in paragraph at lines 201--203
[][][][][][][][][][][][][][][][][][][][][][][][] 
 []


Overfull \hbox (65.70135pt too wide) in paragraph at lines 209--210
[][][][][][][][][][][][][][][][][][][][][][][][][][][][][] 
 []


Overfull \hbox (93.45145pt too wide) in paragraph at lines 210--211
[][][][][][][][][][][][][][][][][][][][][][][][][][][][][][][][][] 
 []


Overfull \hbox (154.50165pt too wide) in paragraph at lines 214--215
[][][][][][][][][][][][][][][][][][][][][][][][][][][][][][][][][][][][][][] 
 []

) (../src/ExpressionTree.cc [22]
Overfull \hbox (32.40125pt too wide) in paragraph at lines 12--14
[][][][][][][][][][][][][][][][][][][][][][][] 
 []


Overfull \hbox (15.75119pt too wide) in paragraph at lines 33--34
[][][][][][][][][][][][][][][][][][][][] 
 []

[23]
Overfull \hbox (21.30121pt too wide) in paragraph at lines 66--67
[][][][][][][][][][][][][][][][][][][][][][][][][][][][][][][][][] 
 []


Overfull \hbox (21.30121pt too wide) in paragraph at lines 71--72
[][][][][][][][][][][][][][][][][][][][][][][] 
 []


Overfull \hbox (32.40125pt too wide) in paragraph at lines 72--73
[][][][][][][][][][][][][][][][][][][][][][][][][][][][] 
 []


Overfull \hbox (32.40125pt too wide) in paragraph at lines 77--78
[][][][][][][][][][][][][][][][][][][][] 
 []


Overfull \hbox (93.45145pt too wide) in paragraph at lines 84--85
[][][][][][][][][][][][][][][][][][][][][][][][][][][][][][][][] 
 []


Overfull \hbox (10.20117pt too wide) in paragraph at lines 89--90
[][][][][][][][][][][][][][][][][][][][][][][][][][][][][][] 
 []


Overfull \hbox (60.15134pt too wide) in paragraph at lines 91--92
[][][][][][][][][][][][][][][][][][][][] 
 []


Overfull \hbox (4.65115pt too wide) in paragraph at lines 93--94
[][][][][][][][][][][][][][] 
 []


Overfull \hbox (4.65115pt too wide) in paragraph at lines 99--100
[][][][][][][][][][][][][][] 
 []

[24]
Overfull \hbox (76.80139pt too wide) in paragraph at lines 126--127
[][][][][][][][][][][][][][][][][][][][][][] 
 []


Overfull \hbox (10.20117pt too wide) in paragraph at lines 133--134
[][][][][][][][][][][][][][][][][] 
 []


Overfull \hbox (43.50128pt too wide) in paragraph at lines 135--136
[][][][][][][][][][][][][][][][][][][][][][][][][] 
 []


Overfull \hbox (49.0513pt too wide) in paragraph at lines 145--146
[][][][][][][][][][][][][][][][][][][][][][] 
 []


Overfull \hbox (76.80139pt too wide) in paragraph at lines 153--154
[][][][][][][][][][][][][][][][][][][][][][][][] 
 []


Overfull \hbox (60.15134pt too wide) in paragraph at lines 160--161
[][][][][][][][][][][][][][][][][][][][][][] 
 []


Overfull \hbox (93.45145pt too wide) in paragraph at lines 166--167
[][][][][][][][][][][][][][][][][][][][][][][][] 
 []


Overfull \hbox (37.95126pt too wide) in paragraph at lines 168--169
[][][][][][][][][][][][][][][][][][][][][][][][][][][] 
 []

[25]
Overfull \hbox (4.65115pt too wide) in paragraph at lines 176--177
[][][][][][][][][][][][][][][][][][][][][] 
 []


Overfull \hbox (21.30121pt too wide) in paragraph at lines 178--179
[][][][][][][][][][][][] 
 []


Overfull \hbox (99.00146pt too wide) in paragraph at lines 185--186
[][][][][][][][][][][][][][][][][][][][] 
 []


Overfull \hbox (93.45145pt too wide) in paragraph at lines 188--189
[][][][][][][][][][][][][][][][][][][][] 
 []


Overfull \hbox (99.00146pt too wide) in paragraph at lines 191--192
[][][][][][][][][][][][][][][][][][][][] 
 []


Overfull \hbox (99.00146pt too wide) in paragraph at lines 194--195
[][][][][][][][][][][][][][][][][][][][] 
 []


Overfull \hbox (76.80139pt too wide) in paragraph at lines 199--200
[][][][][][][][][][][][][][][][][][][][] 
 []


Overfull \hbox (49.0513pt too wide) in paragraph at lines 211--212
[][][][][][][][][][][][][][][][][][][][][] 
 []


Overfull \hbox (10.20117pt too wide) in paragraph at lines 212--213
[][][][][][][][][][] 
 []


Overfull \hbox (65.70135pt too wide) in paragraph at lines 213--214
[][][][][][][][][][][][] 
 []


Overfull \hbox (71.25137pt too wide) in paragraph at lines 219--220
[][][][][][][][][][][][][][][][][][][][] 
 []


Overfull \hbox (65.70135pt too wide) in paragraph at lines 220--221
[][][][][][][][][][][][][][][][][][][][][][][][] 
 []


Overfull \hbox (15.75119pt too wide) in paragraph at lines 221--222
[][][][][][][][][][][][][][][][][][][][] 
 []


Overfull \hbox (99.00146pt too wide) in paragraph at lines 225--226
[][][][][][][][][][][][][][][][][][][][][][][][][] 
 []

[26]
Overfull \hbox (4.65115pt too wide) in paragraph at lines 226--227
[][][][][][][][][][][][][][][][][][][][] 
 []


Overfull \hbox (4.65115pt too wide) in paragraph at lines 229--230
[][][][][][][][][][][][][][][][][][][][] 
 []


Overfull \hbox (93.45145pt too wide) in paragraph at lines 231--232
[][][][][][][][][][][][][][][][][][][][][][][] 
 []


Overfull \hbox (71.25137pt too wide) in paragraph at lines 235--236
[][][][][][][][][][][][][][][][][][][][] 
 []


Overfull \hbox (60.15134pt too wide) in paragraph at lines 236--237
[][][][][][][][][][][][][][][][][][][][] 
 []


Overfull \hbox (65.70135pt too wide) in paragraph at lines 237--238
[][][][][][][][][][][][][][][][][][][][][][][][] 
 []


Overfull \hbox (15.75119pt too wide) in paragraph at lines 239--240
[][][][][][][][][][][][][][][][][][][][] 
 []


Overfull \hbox (32.40125pt too wide) in paragraph at lines 243--244
[][][][][][][][][][][][][][][][][][][][][][][][][][][][][][] 
 []


Overfull \hbox (93.45145pt too wide) in paragraph at lines 244--245
[][][][][][][][][][][][][][][][][][][] 
 []


Overfull \hbox (87.90143pt too wide) in paragraph at lines 245--246
[][][][][][][][][][][][][][][][][][][][][][][][] 
 []


Overfull \hbox (4.65115pt too wide) in paragraph at lines 246--247
[][][][][][][][][][][][][][][][][][][][][] 
 []


Overfull \hbox (76.80139pt too wide) in paragraph at lines 252--253
[][][][][][][][][][][][][][][][][][][][] 
 []


Overfull \hbox (65.70135pt too wide) in paragraph at lines 253--254
[][][][][][][][][][][][][][][][][][][][][][][][] 
 []


Overfull \hbox (37.95126pt too wide) in paragraph at lines 254--255
[][][][][][][][][][][][][][][][][][][][] 
 []


Overfull \hbox (71.25137pt too wide) in paragraph at lines 259--260
[][][][][][][][][][][][][][][][][][][][] 
 []


Overfull \hbox (43.50128pt too wide) in paragraph at lines 260--261
[][][][][][][][][][][][][][][][][][][][] 
 []


Overfull \hbox (10.20117pt too wide) in paragraph at lines 262--263
[][][][][][][][][][][][][][][][][][][][] 
 []


Overfull \hbox (43.50128pt too wide) in paragraph at lines 265--266
[][][][][][][][][][][][][][][][][][][][] 
 []


Overfull \hbox (71.25137pt too wide) in paragraph at lines 266--267
[][][][][][][][][][][][][][][][][][][][][][][][] 
 []


Overfull \hbox (93.45145pt too wide) in paragraph at lines 272--273
[][][][][][][][][][][][][][][][][][][][][][][][][][][][][][][][] 
 []


Overfull \hbox (99.00146pt too wide) in paragraph at lines 273--274
[][][][][][][][][][][][][][][][][][][][] 
 []


Overfull \hbox (99.00146pt too wide) in paragraph at lines 278--279
[][][][][][][][][][][][][][][][][][][][] 
 []


Overfull \hbox (60.15134pt too wide) in paragraph at lines 279--280
[][][][][][][][][][][][][][][][][][][][] 
 []

[27]
Overfull \hbox (87.90143pt too wide) in paragraph at lines 281--282
[][][][][][][][][][][][][][][][][][][][][][][][] 
 []


Overfull \hbox (49.0513pt too wide) in paragraph at lines 289--290
[][][][][][][][][][][][][][][][][][][][][] 
 []


Overfull \hbox (10.20117pt too wide) in paragraph at lines 290--291
[][][][][][][][][][] 
 []


Overfull \hbox (65.70135pt too wide) in paragraph at lines 291--292
[][][][][][][][][][][][] 
 []


Overfull \hbox (26.85123pt too wide) in paragraph at lines 295--296
[][][][][][][][][][][][][][][][][][][][] 
 []


Overfull \hbox (65.70135pt too wide) in paragraph at lines 297--298
[][][][][][][][][][][][][][][][][][][][] 
 []


Overfull \hbox (21.30121pt too wide) in paragraph at lines 298--299
[][][][][][][][][][][][][][][][][][][][][][][][] 
 []


Overfull \hbox (49.0513pt too wide) in paragraph at lines 300--301
[][][][][][][][][][][][][][][][][][][][][][][][] 
 []


Overfull \hbox (49.0513pt too wide) in paragraph at lines 303--304
[][][][][][][][][][][][][][][][][][][][][] 
 []


Overfull \hbox (10.20117pt too wide) in paragraph at lines 304--305
[][][][][][][][][][] 
 []


Overfull \hbox (65.70135pt too wide) in paragraph at lines 305--306
[][][][][][][][][][][][] 
 []


Overfull \hbox (32.40125pt too wide) in paragraph at lines 307--308
[][][][][][][][][][][][][][][][][][][][] 
 []


Overfull \hbox (10.20117pt too wide) in paragraph at lines 308--309
[][][][][][][][][][][][][][][][][][][][] 
 []


Overfull \hbox (21.30121pt too wide) in paragraph at lines 311--312
[][][][][][][][][][][][][][][][][][][][][][][][] 
 []


Overfull \hbox (26.85123pt too wide) in paragraph at lines 315--316
[][][][][][][][][][][][][][][][][][][][][][][][] 
 []


Overfull \hbox (43.50128pt too wide) in paragraph at lines 322--323
[][][][][][][][][][][][][][][][][][][][][] 
 []


Overfull \hbox (4.65115pt too wide) in paragraph at lines 323--324
[][][][][][][][][][] 
 []


Overfull \hbox (60.15134pt too wide) in paragraph at lines 324--325
[][][][][][][][][][][][] 
 []


Overfull \hbox (65.70135pt too wide) in paragraph at lines 330--331
[][][][][][][][][][][][][][][][][][][][][][][][][][][][][][] 
 []


Overfull \hbox (54.60132pt too wide) in paragraph at lines 331--332
[][][][][][][][][][][][][][][][][][][][][][][][] 
 []

[28]
Overfull \hbox (71.25137pt too wide) in paragraph at lines 334--335
[][][][][][][][][][][][][][][][][][][][] 
 []


Overfull \hbox (26.85123pt too wide) in paragraph at lines 335--336
[][][][][][][][][][][][][][][][][][][][][][][][] 
 []


Overfull \hbox (76.80139pt too wide) in paragraph at lines 336--337
[][][][][][][][][][][][][][][][][][][][][][][][] 
 []


Overfull \hbox (10.20117pt too wide) in paragraph at lines 339--340
[][][][][][][][][][][][][][][][][][][][][][][][][][][][] 
 []


Overfull \hbox (60.15134pt too wide) in paragraph at lines 343--344
[][][][][][][][][][][][][][][][][][][][][][][][][][][][][][] 
 []


Overfull \hbox (60.15134pt too wide) in paragraph at lines 344--345
[][][][][][][][][][][][][][][][][][][][][][][][] 
 []


Overfull \hbox (71.25137pt too wide) in paragraph at lines 347--348
[][][][][][][][][][][][][][][][][][][][] 
 []


Overfull \hbox (32.40125pt too wide) in paragraph at lines 348--349
[][][][][][][][][][][][][][][][][][][][][][][][] 
 []


Overfull \hbox (71.25137pt too wide) in paragraph at lines 349--350
[][][][][][][][][][][][][][][][][][][][][][][][] 
 []


Overfull \hbox (26.85123pt too wide) in paragraph at lines 354--355
[][][][][][][][][][][][][][][][][][][][] 
 []


Overfull \hbox (15.75119pt too wide) in paragraph at lines 355--356
[][][][][][][][][][][][][][][][][][][][] 
 []


Overfull \hbox (43.50128pt too wide) in paragraph at lines 357--358
[][][][][][][][][][][][][][][][][][][][][][][][] 
 []


Overfull \hbox (15.75119pt too wide) in paragraph at lines 359--360
[][][][][][][][][][][][][][][][][][][][] 
 []


Overfull \hbox (49.0513pt too wide) in paragraph at lines 361--362
[][][][][][][][][][][][][][][][][][][][][][][][] 
 []


Overfull \hbox (49.0513pt too wide) in paragraph at lines 365--366
[][][][][][][][][][][][][][][][][][][][][] 
 []


Overfull \hbox (10.20117pt too wide) in paragraph at lines 366--367
[][][][][][][][][][] 
 []


Overfull \hbox (65.70135pt too wide) in paragraph at lines 367--368
[][][][][][][][][][][][] 
 []


Overfull \hbox (15.75119pt too wide) in paragraph at lines 372--373
[][][][][][][][][][][][][][][][][][][][][][][][][][][][][][] 
 []


Overfull \hbox (99.00146pt too wide) in paragraph at lines 374--375
[][][][][][][][][][][][][][][][][][][][][][][][][] 
 []


Overfull \hbox (26.85123pt too wide) in paragraph at lines 376--377
[][][][][][][][][][][][][][][][][][][][] 
 []


Overfull \hbox (93.45145pt too wide) in paragraph at lines 381--382
[][][][][][][][][][][][][][][][][][][][][][][] 
 []

[29]
Overfull \hbox (26.85123pt too wide) in paragraph at lines 395--396
[][][][][][][][][][][][][][][][][][][][][] 
 []


Overfull \hbox (37.95126pt too wide) in paragraph at lines 398--399
[][][][][][][][][][][][][][][][] 
 []


Overfull \hbox (71.25137pt too wide) in paragraph at lines 400--401
[][][][][][][][][][][][][][][][][][][][][][][][] 
 []


Overfull \hbox (93.45145pt too wide) in paragraph at lines 401--402
[][][][][][][][][][][][][][][][][][][][][] 
 []


Overfull \hbox (21.30121pt too wide) in paragraph at lines 402--403
[][][][][][][][][][][][][][][][][][][][][] 
 []


Overfull \hbox (99.00146pt too wide) in paragraph at lines 403--404
[][][][][][][][][][][][][][][][][][][][][][][][][][][][][][] 
 []


Overfull \hbox (43.50128pt too wide) in paragraph at lines 407--408
[][][][][][][][][][][][][][][][] 
 []


Overfull \hbox (71.25137pt too wide) in paragraph at lines 409--410
[][][][][][][][][][][][][][][][][][][][][][][][] 
 []


Overfull \hbox (82.35141pt too wide) in paragraph at lines 410--411
[][][][][][][][][][][][][][][][][][][] 
 []


Overfull \hbox (10.20117pt too wide) in paragraph at lines 411--412
[][][][][][][][][][][][][][][][][][] 
 []


Overfull \hbox (32.40125pt too wide) in paragraph at lines 412--413
[][][][][][][][][][][][][][][][][][][][][][] 
 []


Overfull \hbox (32.40125pt too wide) in paragraph at lines 413--414
[][][][][][][][][][][][][][][][][] 
 []


Overfull \hbox (93.45145pt too wide) in paragraph at lines 414--415
[][][][][][][][][][][][][][][][][][][][][][][][] 
 []


Overfull \hbox (93.45145pt too wide) in paragraph at lines 418--419
[][][][][][][][][][][][][][][][][][][][] 
 []


Overfull \hbox (60.15134pt too wide) in paragraph at lines 419--420
[][][][][][][][][][][][][][][][][][][][] 
 []


Overfull \hbox (4.65115pt too wide) in paragraph at lines 420--421
[][][][][][][][][][][][][][][][][][][][][] 
 []


Overfull \hbox (65.70135pt too wide) in paragraph at lines 421--422
[][][][][][][][][][][][][][][][][][][][] 
 []


Overfull \hbox (10.20117pt too wide) in paragraph at lines 423--424
[][][][][][][][][][][][][][][][][][][][][][] 
 []


Overfull \hbox (76.80139pt too wide) in paragraph at lines 424--425
[][][][][][][][][][][][][][][][][][][][][][][][][] 
 []


Overfull \hbox (87.90143pt too wide) in paragraph at lines 426--427
[][][][][][][][][][][][][][][][][][][][][][][][] 
 []


Overfull \hbox (87.90143pt too wide) in paragraph at lines 431--432
[][][][][][][][][][][][][][][][][][][][][][][][][][][][][][][][] 
 []


Overfull \hbox (93.45145pt too wide) in paragraph at lines 432--433
[][][][][][][][][][][][][][][][][][][][][][][][][][][][][] 
 []


Overfull \hbox (49.0513pt too wide) in paragraph at lines 433--434
[][][][][][][][][][][][][][][][][][][][][] 
 []


Overfull \hbox (49.0513pt too wide) in paragraph at lines 434--435
[][][][][][][][][][][][][][][][][][][][][][][][] 
 []


Overfull \hbox (21.30121pt too wide) in paragraph at lines 438--439
[][][][][][][][][][][][][][][][][][][][][][][][][][][][][][][][] 
 []


Overfull \hbox (49.0513pt too wide) in paragraph at lines 439--440
[][][][][][][][][][][][][][][][][][][][] 
 []


Overfull \hbox (15.75119pt too wide) in paragraph at lines 440--441
[][][][][][][][][][][][][][][][][][][][] 
 []


Overfull \hbox (49.0513pt too wide) in paragraph at lines 441--442
[][][][][][][][][][][][][][][][][][][][][][][][] 
 []

[30]
Overfull \hbox (21.30121pt too wide) in paragraph at lines 445--446
[][][][][][][][][][][][][][][][][][][][] 
 []


Overfull \hbox (65.70135pt too wide) in paragraph at lines 460--461
[][][][][][][][][][][][][][][][][][][][][][][][][][][][][][][][][] 
 []


Overfull \hbox (65.70135pt too wide) in paragraph at lines 477--478
[][][][][][][][][][][][][][][][][][][][][][][][][][][][][] 
 []


Overfull \hbox (37.95126pt too wide) in paragraph at lines 484--486
[][][][][][][][][][][][][][][][][][][][][][][][] 
 []

[31]
Overfull \hbox (65.70135pt too wide) in paragraph at lines 509--510
[][][][][][][][][][][][][][][][][][][][][][][][][][][][][][] 
 []


Overfull \hbox (65.70135pt too wide) in paragraph at lines 524--525
[][][][][][][][][][][][][][][][][][][][][][][] 
 []


Overfull \hbox (37.95126pt too wide) in paragraph at lines 525--526
[][][][][][][][][][][][][][][][][][][][][][][] 
 []


Overfull \hbox (15.75119pt too wide) in paragraph at lines 537--538
[][][][][][][][][][][][][][][][][][][][][][][][][][][][][] 
 []


Overfull \hbox (32.40125pt too wide) in paragraph at lines 538--539
[][][][][][][][][][][][][][][][][][][][][][][] 
 []


Overfull \hbox (65.70135pt too wide) in paragraph at lines 541--542
[][][][][][][][][][][][][][][][][][][][][][][][][] 
 []


Overfull \hbox (65.70135pt too wide) in paragraph at lines 547--548
[][][][][][][][][][][][][][][][][][][][][][][][][] 
 []

[32]
Overfull \hbox (43.50128pt too wide) in paragraph at lines 554--555
[][][][][][][][][][][][][][][][][][][][][][][][][][][][][] 
 []


Overfull \hbox (60.15134pt too wide) in paragraph at lines 557--558
[][][][][][][][][][][][][][][][][][][][][][][][][] 
 []


Overfull \hbox (65.70135pt too wide) in paragraph at lines 560--561
[][][][][][][][][][][][][][][][][][][][][][][][][] 
 []


Overfull \hbox (76.80139pt too wide) in paragraph at lines 564--565
[][][][][][][][][][][][][][][][][][][][][][][][][] 
 []


Overfull \hbox (54.60132pt too wide) in paragraph at lines 567--568
[][][][][][][][][][][][][][][][][][][][][][][][][][][] 
 []


Overfull \hbox (21.30121pt too wide) in paragraph at lines 568--569
[][][][][][][][][][][][][][][][][] 
 []


Overfull \hbox (65.70135pt too wide) in paragraph at lines 572--573
[][][][][][][][][][][][][][][][][][][][][][][][][] 
 []


Overfull \hbox (26.85123pt too wide) in paragraph at lines 574--575
[][][][][][][][][][][][][][][][][][][][][] 
 []


Overfull \hbox (82.35141pt too wide) in paragraph at lines 575--576
[][][][][][][][][][][][][][][][][][][][][][][][][][][] 
 []


Overfull \hbox (87.90143pt too wide) in paragraph at lines 587--588
[][][][][][][][][][][][][][][][][][][][][][][][][][][][][] 
 []


Overfull \hbox (10.20117pt too wide) in paragraph at lines 590--591
[][][][][][][][][][][][][][][][][][][] 
 []


Overfull \hbox (43.50128pt too wide) in paragraph at lines 591--592
[][][][][][][][][][][][][][][][][] 
 []


Overfull \hbox (10.20117pt too wide) in paragraph at lines 592--593
[][][][][][][][][][][][][][] 
 []


Overfull \hbox (15.75119pt too wide) in paragraph at lines 595--596
[][][][][][][][][][][][][][][][][][][][][] 
 []

[33]
Overfull \hbox (99.00146pt too wide) in paragraph at lines 615--616
[][][][][][][][][][][][][][][][][][][][][][][] 
 []


Overfull \hbox (10.20117pt too wide) in paragraph at lines 619--620
[][][][][][][][][][][][][][][][][][][][][][][][][][][][][]
 []


Overfull \hbox (76.80139pt too wide) in paragraph at lines 620--621
[][][][][][][][][][][][][][][][][][][][][][][][][][][][][][][][] 
 []


Overfull \hbox (76.80139pt too wide) in paragraph at lines 621--622
[][][][][][][][][][][][][][][][][][][][][][][][][][][][][][] 
 []


Overfull \hbox (93.45145pt too wide) in paragraph at lines 622--624
[][][][][][][][][][][][][][][][][][][][][][][][][][][][][][] 
 []


Overfull \hbox (71.25137pt too wide) in paragraph at lines 624--625
[][][][][][][][][][][][][][][][][][][][][][][][][][][] 
 []


Overfull \hbox (4.65115pt too wide) in paragraph at lines 634--636
[][][][][][][][][][][][][][][][][] 
 []


Overfull \hbox (82.35141pt too wide) in paragraph at lines 636--637
[][][][][][][][][][][][][][][][][][][][][][][][][][][][][][][][] 
 []


Overfull \hbox (10.20117pt too wide) in paragraph at lines 639--641
[][][][][][][][][][][][][][][][][] 
 []


Overfull \hbox (60.15134pt too wide) in paragraph at lines 644--645
[][][][][][][][][][][][][][][][][][][][][][][][][] 
 []


Overfull \hbox (4.65115pt too wide) in paragraph at lines 650--652
[][][][][][][][][][][][][][][][][] 
 []


Overfull \hbox (76.80139pt too wide) in paragraph at lines 652--653
[][][][][][][][][][][][][][][][][][][][][][][][][][][][][] 
 []


Overfull \hbox (21.30121pt too wide) in paragraph at lines 654--655
[][][][][][][][][][][][][][][][][][][][][][][][] 
 []


Overfull \hbox (10.20117pt too wide) in paragraph at lines 656--658
[][][][][][][][][][][][][][][][][] 
 []

[34]) (../src/main.cc
Overfull \hbox (43.50128pt too wide) in paragraph at lines 40--41
[][][][][][][][][][][][][][][][][][][][][][][][][][][][] 
 []

[35]
Overfull \hbox (4.65115pt too wide) in paragraph at lines 48--49
[][][][][][][][][][][][][][][][][][][][][][][][][][][][][][][] 
 []


Overfull \hbox (37.95126pt too wide) in paragraph at lines 67--68
[][][][][][][][][][][][][][][][][][][][][][][][][][][] 
 []


Overfull \hbox (76.80139pt too wide) in paragraph at lines 68--69
[][][][][][][][][][][][][][][][][][][][][][][][][][][][][][][][][] 
 []


Overfull \hbox (10.20117pt too wide) in paragraph at lines 70--71
[][][][][][][][][][][][][][][][][][][][][][][][][][][] 
 []


Overfull \hbox (65.70135pt too wide) in paragraph at lines 75--76
[][][][][][][][][][][][][][][][][][][][][][][][][][][][][][][][][][][][] 
 []


Overfull \hbox (93.45145pt too wide) in paragraph at lines 83--84
[][][][][][][][][][][][][][][][][][][][][][][][][][][][][][][][][] 
 []


Overfull \hbox (26.85123pt too wide) in paragraph at lines 86--87
[][][][][][][][][][][][][][][][][][][][][][][][][][][][][][][][] 
 []


Overfull \hbox (76.80139pt too wide) in paragraph at lines 94--95
[][][][][][][][][][][][][][][][][][][][][][][][] 
 []


Overfull \hbox (104.55148pt too wide) in paragraph at lines 96--97
[][][][][][][][][][][][][][][][][][][][][][][][] 
 []

[36]
Overfull \hbox (65.70135pt too wide) in paragraph at lines 114--115
[][][][][][][][][][][][][][][][][][][][][][][][][][][] 
 []


Overfull \hbox (60.15134pt too wide) in paragraph at lines 118--119
[][][][][][][][][][][][][][][][][][][][][][][][][][][] 
 []

) (../src/Tree.h [37]
Overfull \hbox (87.90143pt too wide) in paragraph at lines 45--46
[][][][][][][][][][][][][][][][][][][][][][][][][][][][][][][][] 
 []


Overfull \hbox (65.70135pt too wide) in paragraph at lines 65--66
[][][][][][][][][][][][][][][][][][][][][][][][][] 
 []


Overfull \hbox (54.60132pt too wide) in paragraph at lines 76--77
[][][][][][][][][][][][][][][][][][][][][][][][][] 
 []

[38]
Overfull \hbox (87.90143pt too wide) in paragraph at lines 94--95
[][][][][][][][][][][][][][][][][][][][][][][][][][][][][] 
 []


Overfull \hbox (60.15134pt too wide) in paragraph at lines 103--104
[][][][][][][][][][][][][][][][][][][][][][][][][] 
 []


Overfull \hbox (76.80139pt too wide) in paragraph at lines 118--119
[][][][][][][][][][][][][][][][][][][][][][][][][][][][][] 
 []


Overfull \hbox (71.25137pt too wide) in paragraph at lines 127--128
[][][][][][][][][][][][][][][][][][][][][][][][][] 
 []

[39]
Overfull \hbox (99.00146pt too wide) in paragraph at lines 142--143
[][][][][][][][][][][][][][][][][][][][][][][][][][][][][] 
 []


Overfull \hbox (60.15134pt too wide) in paragraph at lines 150--151
[][][][][][][][][][][][][][][][][][][][][][][][][][][][][][][] 
 []


Overfull \hbox (54.60132pt too wide) in paragraph at lines 152--153
[][][][][][][][][][][][][][][][][][][][][][][][][][][][][][][] 
 []


Overfull \hbox (21.30121pt too wide) in paragraph at lines 154--155
[][][][][][][][][][][][][][][][][][][][][][][][][][][] 
 []


Overfull \hbox (43.50128pt too wide) in paragraph at lines 155--156
[][][][][][][][][][][][][][][][][][][][][][][][][][][] 
 []


Overfull \hbox (49.0513pt too wide) in paragraph at lines 156--157
[][][][][][][][][][][][][][][][][][][][][][][][][] 
 []


Overfull \hbox (21.30121pt too wide) in paragraph at lines 165--166
[][][][][][][][][][][][][][][][][][][][][][][][] 
 []


Overfull \hbox (93.45145pt too wide) in paragraph at lines 186--187
[][][][][][][][][][][][][][][][][][][][][][][][][][][][][][][] 
 []


Overfull \hbox (99.00146pt too wide) in paragraph at lines 189--190
[][][][][][][][][][][][][][][][][][][][][][][][][][][][][][][][][][][][] 
 []


Overfull \hbox (76.80139pt too wide) in paragraph at lines 191--192
[][][][][][][][][][][][][][][][][][][][][][][][][][][][][] 
 []

[40]
Overfull \hbox (82.35141pt too wide) in paragraph at lines 192--193
[][][][][][][][][][][][][][][][][][][][][][][][][][][][][][][] 
 []


Overfull \hbox (32.40125pt too wide) in paragraph at lines 194--195
[][][][][][][][][][][][][][][][][][][][][][][][] 
 []


Overfull \hbox (99.00146pt too wide) in paragraph at lines 195--196
[][][][][][][][][][][][][][][][][][][][][][][][][][][] 
 []


Overfull \hbox (93.45145pt too wide) in paragraph at lines 198--199
[][][][][][][][][][][][][][][][][][][][][][][][][][][][][][][] 
 []


Overfull \hbox (10.20117pt too wide) in paragraph at lines 199--200
[][][][][][][][][][][][][][] 
 []


Overfull \hbox (71.25137pt too wide) in paragraph at lines 200--201
[][][][][][][][][][][][][][][][][][][][][][][][][] 
 []


Overfull \hbox (76.80139pt too wide) in paragraph at lines 201--202
[][][][][][][][][][][][][][][] 
 []


Overfull \hbox (49.0513pt too wide) in paragraph at lines 202--203
[][][][][][][][][][][][][][][][][][][][][][][][][][] 
 []


Overfull \hbox (99.00146pt too wide) in paragraph at lines 204--205
[][][][][][][][][][][][][][][][][][][][][][][][][][][][][][][][][][][][] 
 []


Overfull \hbox (76.80139pt too wide) in paragraph at lines 206--207
[][][][][][][][][][][][][][][][][][][][][][][][][][][][][][][] 
 []


Overfull \hbox (99.00146pt too wide) in paragraph at lines 208--209
[][][][][][][][][][][][][][][][][][][][][][][][][][][][][][][][] 
 []


Overfull \hbox (82.35141pt too wide) in paragraph at lines 210--211
[][][][][][][][][][][][][][][][][][][][][][][][] 
 []


Overfull \hbox (21.30121pt too wide) in paragraph at lines 216--217
[][][][][][][][][][][][][][] 
 []


Overfull \hbox (15.75119pt too wide) in paragraph at lines 240--241
[][][][][][][][][][][][][][][][][] 
 []


Overfull \hbox (4.65115pt too wide) in paragraph at lines 244--245
[][][][][][][][][][][][][][][][][] 
 []

[41]
Overfull \hbox (87.90143pt too wide) in paragraph at lines 267--268
[][][][][][][][][][][][][][][][][][][][][][][][][][][][][][][][][][] 
 []


Overfull \hbox (87.90143pt too wide) in paragraph at lines 268--269
[][][][][][][][][][][][][][][][][][][][][][][][][][][][][][] 
 []


Overfull \hbox (93.45145pt too wide) in paragraph at lines 269--270
[][][][][][][][][][][][][][][][][][][][][][][][][][][][][][][][][] 
 []


Overfull \hbox (10.20117pt too wide) in paragraph at lines 272--273
[][][][][][][][][][][][][][][][][][] 
 []


Overfull \hbox (49.0513pt too wide) in paragraph at lines 273--274
[][][][][][][][][][][][][][][][][][][][][][][][][][][][] 
 []


Overfull \hbox (65.70135pt too wide) in paragraph at lines 276--277
[][][][][][][][][][][][][][][][][][][][][][][][][][][] 
 []


Overfull \hbox (99.00146pt too wide) in paragraph at lines 278--279
[][][][][][][][][][][][][][][][][][][][][][][][][][][][][][][][][][][][] 
 []


Overfull \hbox (65.70135pt too wide) in paragraph at lines 280--281
[][][][][][][][][][][][][][][][][][][][][][][][][][][][][][][] 
 []


Overfull \hbox (93.45145pt too wide) in paragraph at lines 282--283
[][][][][][][][][][][][][][][][][][][][][][][][][][][][] 
 []


Overfull \hbox (71.25137pt too wide) in paragraph at lines 283--284
[][][][][][][][][][][][][][][][][][][][][][][][][][][][] 
 []


Overfull \hbox (15.75119pt too wide) in paragraph at lines 289--290
[][][][][][][][][][][][][][] 
 []

[42]
Overfull \hbox (15.75119pt too wide) in paragraph at lines 324--325
[][][][][][][][][][][][][][][][][][][][][][][][][][][][] 
 []


Overfull \hbox (26.85123pt too wide) in paragraph at lines 325--326
[][][][][][][][][][][][][][][][][][][][][][][][][][] 
 []

[43]
Overfull \hbox (26.85123pt too wide) in paragraph at lines 362--363
[][][][][][][][][][][][][][][][][][][][][][][][][][][][][] 
 []


Overfull \hbox (43.50128pt too wide) in paragraph at lines 372--373
[][][][][][][][][][][][][][][][][][][][][][][][][][][][][][] 
 []


Overfull \hbox (32.40125pt too wide) in paragraph at lines 373--374
[][][][][][][][][][][][][][][][][][][][][][][][][][][] 
 []


Overfull \hbox (93.45145pt too wide) in paragraph at lines 385--386
[][][][][][][][][][][][][][][][][][][][][][][][][][][][][][][] 
 []


Overfull \hbox (71.25137pt too wide) in paragraph at lines 386--387
[][][][][][][][][][][][][][][][][][][][][][][][][][][][][][][][][][][] 
 []


Overfull \hbox (10.20117pt too wide) in paragraph at lines 388--389
[][][][][][][][][][][][][][][][][][][][][][][][][] 
 []


Overfull \hbox (99.00146pt too wide) in paragraph at lines 389--390
[][][][][][][][][][][][][][][][][][][][][][][][][][][][][][] 
 []


Overfull \hbox (65.70135pt too wide) in paragraph at lines 390--391
[][][][][][][][][][][][][][][][][][][][][][][][][][][][][][] 
 []


Overfull \hbox (32.40125pt too wide) in paragraph at lines 392--393
[][][][][][][][][][][][][][][][][][][][][][][][][][] 
 []


Overfull \hbox (37.95126pt too wide) in paragraph at lines 407--408
[][][][][][][][][][][][][][][][][][][][][][][][][][][][][][][] 
 []

[44]
Overfull \hbox (82.35141pt too wide) in paragraph at lines 419--420
[][][][][][][][][][][][][][][][][][][][][][][][][][][][][][][][][][][][][][][][
][][][] 
 []


Overfull \hbox (76.80139pt too wide) in paragraph at lines 429--430
[][][][][][][][][][][][][][][][][][][][][][][][][][] 
 []

LaTeX Font Info:    Font shape `OML/cmr/m/it' in size <9> not available
(Font)              Font shape `OML/cmm/m/it' tried instead on input line 431.

Overfull \hbox (93.45145pt too wide) in paragraph at lines 435--436
[][][][][][][][][][][][][][][][][][][][][][][][][][][][][][][][][] 
 []


Overfull \hbox (76.80139pt too wide) in paragraph at lines 443--444
[][][][][][][][][][][][][][][][][][][][][][][][][][][][][][][] 
 []


Overfull \hbox (82.35141pt too wide) in paragraph at lines 445--446
[][][][][][][][][][][][][][][][][][][][][][][][][][][][][][][][] 
 []


Overfull \hbox (71.25137pt too wide) in paragraph at lines 446--447
[][][][][][][][][][][][][][][][][][][][][][][][][][][][][][][][] 
 []


Overfull \hbox (65.70135pt too wide) in paragraph at lines 448--449
[][][][][][][][][][][][][][][][][][][][][][][][][][][][][][][][][][][][][][] 
 []


Overfull \hbox (82.35141pt too wide) in paragraph at lines 449--450
[][][][][][][][][][][][][][][][][][][][][][][][][][][][][][][][][] 
 []


Overfull \hbox (43.50128pt too wide) in paragraph at lines 452--453
[][][][][][][][][][][][][][][][][][][][][][][][][][][][] 
 []

[45]
Overfull \hbox (93.45145pt too wide) in paragraph at lines 481--482
[][][][][][][][][][][][][][][][][][][][][][][][][][][][][][][][] 
 []


Overfull \hbox (87.90143pt too wide) in paragraph at lines 483--484
[][][][][][][][][][][][][][][][][][][][][][][][][][][][][][][] 
 []


Overfull \hbox (4.65115pt too wide) in paragraph at lines 495--496
[][][][][][][][][][][][][][][][][] 
 []


Overfull \hbox (49.0513pt too wide) in paragraph at lines 515--516
[][][][][][][][][][][][][][][][][][][][][][][][][][][] 
 []

[46]
Overfull \hbox (54.60132pt too wide) in paragraph at lines 524--525
[][][][][][][][][][][][][][][][][][] 
 []


Overfull \hbox (71.25137pt too wide) in paragraph at lines 525--526
[][][][][][][][][][][][][][][][][][][][] 
 []


Overfull \hbox (4.65115pt too wide) in paragraph at lines 530--531
[][][][][][][][][][][][][][][][][][][][][][][][][][][][][] 
 []


Overfull \hbox (4.65115pt too wide) in paragraph at lines 534--535
[][][][][][][][][][][][][][][][][][][][][][][][][][][][][][][][] 
 []


Overfull \hbox (65.70135pt too wide) in paragraph at lines 536--537
[][][][][][][][][][][][][][][][][][][][][][][][][][][][] 
 []


Overfull \hbox (49.0513pt too wide) in paragraph at lines 546--548
[][][][][][][][][][][][][][][][][][][][] 
 []


Overfull \hbox (60.15134pt too wide) in paragraph at lines 552--553
[][][][][][][][][][][][][][][][][][][][] 
 []


Overfull \hbox (65.70135pt too wide) in paragraph at lines 558--559
[][][][][][][][][][][][][][][][][][][][][][][][][][][][][][][][] 
 []


Overfull \hbox (54.60132pt too wide) in paragraph at lines 559--560
[][][][][][][][][][][][][][][][][][][][][][][][][][][][][] 
 []


Overfull \hbox (37.95126pt too wide) in paragraph at lines 562--563
[][][][][][][][][][][][][][][][][][][][][][][][][][][][][][][] 
 []


Overfull \hbox (99.00146pt too wide) in paragraph at lines 567--568
[][][][][][][][][][][][][][][][][][][][][][][][][][][][][][][][] 
 []


Overfull \hbox (49.0513pt too wide) in paragraph at lines 569--570
[][][][][][][][][][][][][][][][][][][][][][][][][][][][][][][][][][][] 
 []

[47]
Overfull \hbox (82.35141pt too wide) in paragraph at lines 583--584
[][][][][][][][][][][][][][][][][][][][][][][][][][][][][] 
 []


Overfull \hbox (60.15134pt too wide) in paragraph at lines 589--590
[][][][][][][][][][][][][][][][][][][][][][][][][][] 
 []


Overfull \hbox (26.85123pt too wide) in paragraph at lines 595--596
[][][][][][][][][][][][][][][][][][][][] 
 []


Overfull \hbox (32.40125pt too wide) in paragraph at lines 597--598
[][][][][][][][][][][][][][][][][][][][] 
 []

) (../src/TreeNode.h [48]
Overfull \hbox (26.85123pt too wide) in paragraph at lines 28--29
[][][][][][][][][][][][][][][][][][][][][][][][][] 
 []


Overfull \hbox (15.75119pt too wide) in paragraph at lines 63--64
[][][][][][][][][][][][][][][][][][][][][][][][][][][] 
 []

[49]
Overfull \hbox (71.25137pt too wide) in paragraph at lines 78--79
[][][][][][][][][][][][][][][][][][][][][][][][][][][][][][] 
 []


Overfull \hbox (65.70135pt too wide) in paragraph at lines 80--81
[][][][][][][][][][][][][][][][][][][][][][][][][][][][][] 
 []


Overfull \hbox (15.75119pt too wide) in paragraph at lines 83--84
[][][][][][][][][][][][][][][][][][][][][][][][][] 
 []


Overfull \hbox (21.30121pt too wide) in paragraph at lines 84--86
[][][][][][][][][][][][][][][][][][][][][][][][][] 
 []


Overfull \hbox (87.90143pt too wide) in paragraph at lines 89--90
[][][][][][][][][][][][][][][][][][][][][][][][][][][][][][][][][] 
 []


Overfull \hbox (82.35141pt too wide) in paragraph at lines 102--103
[][][][][][][][][][][][][][][][][][][][][][][][][][][][][][] 
 []


Overfull \hbox (104.55148pt too wide) in paragraph at lines 105--106
[][][][][][][][][][][][][][][][][][][][][][][][][][][][][][][][][] 
 []


Overfull \hbox (99.00146pt too wide) in paragraph at lines 106--107
[][][][][][][][][][][][][][][][][][][][][][][][][][][][][][] 
 []


Overfull \hbox (87.90143pt too wide) in paragraph at lines 108--109
[][][][][][][][][][][][][][][][][][][][][][][][][][][][][][][][] 
 []


Overfull \hbox (93.45145pt too wide) in paragraph at lines 110--111
[][][][][][][][][][][][][][][][][][][][][][][][][][][][][][][][] 
 []


Overfull \hbox (21.30121pt too wide) in paragraph at lines 113--114
[][][][][][][][][][][][][][][][][][][][][][][][][] 
 []

[50]
Overfull \hbox (32.40125pt too wide) in paragraph at lines 122--123
[][][][][][][][][][][][][][][][][][][][][][][][] 
 []


Overfull \hbox (49.0513pt too wide) in paragraph at lines 123--124
[][][][][][][][][][][][][][][][][][][][][][][][][][][][][][] 
 []


Overfull \hbox (65.70135pt too wide) in paragraph at lines 125--126
[][][][][][][][][][][][][][][][][][][][][][][][][][][][][][][][][][] 
 []


Overfull \hbox (82.35141pt too wide) in paragraph at lines 127--128
[][][][][][][][][][][][][][][][][][][][][][][][][][][][][][][][][][][][] 
 []


Overfull \hbox (15.75119pt too wide) in paragraph at lines 131--132
[][][][][][][][][][][][][][][][][][][][][][][][][][][][] 
 []


Overfull \hbox (21.30121pt too wide) in paragraph at lines 132--134
[][][][][][][][][][][][][][][][][][][][][][][][][][][][] 
 []


Overfull \hbox (160.05167pt too wide) in paragraph at lines 148--149
[][][][][][][][][][][][][][][][][][][][][][][][][][][][][][][][][][][][][] 
 []

) (../src/TreeNodeIterator.h
Overfull \hbox (82.35141pt too wide) in paragraph at lines 2--3
[][][][][][][][][][][][][][][][][][][][][][][][][][][][] 
 []


Overfull \hbox (60.15134pt too wide) in paragraph at lines 14--15
[][][][][][][][][][][][][][][][] 
 []


Overfull \hbox (21.30121pt too wide) in paragraph at lines 15--16
[][][][][][][][][][] 
 []

[51]
Overfull \hbox (71.25137pt too wide) in paragraph at lines 22--23
[][][][][][][][][][][][][][][][][][][][][][][] 
 []


Overfull \hbox (43.50128pt too wide) in paragraph at lines 25--27
[][][][][][][][][][][][][][][][][][][][][][][][][][][][][][] 
 []


Overfull \hbox (10.20117pt too wide) in paragraph at lines 29--30
[][][][][][][][][][][][][][][][][][][][][][] 
 []


Overfull \hbox (49.0513pt too wide) in paragraph at lines 31--32
[][][][][][][][][][][][][][][][][][][][][][][][][][][][][] 
 []


Overfull \hbox (54.60132pt too wide) in paragraph at lines 32--33
[][][][][][][][][][][][][][][][][][][][][][][][][][][] 
 []


Overfull \hbox (71.25137pt too wide) in paragraph at lines 34--35
[][][][][][][][][][][][][][][][][][][][][][][][][][][][][][][] 
 []


Overfull \hbox (71.25137pt too wide) in paragraph at lines 35--37
[][][][][][][][][][][][][][][][][][][][][][][][][][][][][][][] 
 []


Overfull \hbox (10.20117pt too wide) in paragraph at lines 48--49
[][][][][][][][][][][][][][][][][][][][][] 
 []


Overfull \hbox (21.30121pt too wide) in paragraph at lines 50--51
[][][][][][][][][][][][][][][][][][][][][][][][][][] 
 []


Overfull \hbox (60.15134pt too wide) in paragraph at lines 52--53
[][][][][][][][][][][][][][][][][][][][][][][][][][][] 
 []


Overfull \hbox (71.25137pt too wide) in paragraph at lines 57--58
[][][][][][][][][][][][][][][][][][][][][][][][][] 
 []


Overfull \hbox (21.30121pt too wide) in paragraph at lines 70--71
[][][][][][][][][][][][][][][][][] 
 []

[52]
Overfull \hbox (43.50128pt too wide) in paragraph at lines 75--76
[][][][][][][][][][][][][][][][][][][][][][][][][][] 
 []


Overfull \hbox (82.35141pt too wide) in paragraph at lines 77--79
[][][][][][][][][][][][][][][][][][][][][][][][][][][] 
 []


Overfull \hbox (87.90143pt too wide) in paragraph at lines 90--91
[][][][][][][][][][][][][][][][][][][][][][][][][][][][][][][][][][][] 
 []


Overfull \hbox (54.60132pt too wide) in paragraph at lines 91--92
[][][][][][][][][][][][][][][][][][][][][][][][][][][][][][][] 
 []


Overfull \hbox (4.65115pt too wide) in paragraph at lines 94--95
[][][][][][][][][][][][][][][][][][][][][][][][][][][] 
 []


Overfull \hbox (54.60132pt too wide) in paragraph at lines 100--101
[][][][][][][][][][][][][][][][][][][][][][][][][][][][][][][][][][][][] 
 []


Overfull \hbox (49.0513pt too wide) in paragraph at lines 104--105
[][][][][][][][][][][][][][][][][][][][][][][][] 
 []


Overfull \hbox (15.75119pt too wide) in paragraph at lines 125--126
[][][][][][][][][][][][][][][][][] 
 []

[53]
Overfull \hbox (37.95126pt too wide) in paragraph at lines 130--131
[][][][][][][][][][][][][][][][][][][][][][][][][][] 
 []


Overfull \hbox (76.80139pt too wide) in paragraph at lines 132--134
[][][][][][][][][][][][][][][][][][][][][][][][][][][] 
 []


Overfull \hbox (54.60132pt too wide) in paragraph at lines 148--149
[][][][][][][][][][][][][][][][][][][][][][][][][][][][][][][][][][][][] 
 []


Overfull \hbox (71.25137pt too wide) in paragraph at lines 151--152
[][][][][][][][][][][][][][][][][][][][][][][][][][][][][][][][][][][][][][] 
 []


Overfull \hbox (71.25137pt too wide) in paragraph at lines 153--154
[][][][][][][][][][][][][][][][][][][][][][][][][][][][][][][][][][] 
 []


Overfull \hbox (26.85123pt too wide) in paragraph at lines 176--177
[][][][][][][][][][][][][][][][][] 
 []


Overfull \hbox (10.20117pt too wide) in paragraph at lines 178--179
[][][][][][][][][][][][][][][] 
 []


Overfull \hbox (49.0513pt too wide) in paragraph at lines 181--182
[][][][][][][][][][][][][][][][][][][][][][][][][][] 
 []

[54]
Overfull \hbox (87.90143pt too wide) in paragraph at lines 183--185
[][][][][][][][][][][][][][][][][][][][][][][][][][][] 
 []

) [55] (./deschippers1396250faass1407937.aux) ) 
Here is how much of TeX's memory you used:
 3488 strings out of 493607
 42860 string characters out of 3149945
 157333 words of memory out of 3500000
 6777 multiletter control sequences out of 15000+200000
 11148 words of font info for 41 fonts, out of 3000000 for 9000
 831 hyphenation exceptions out of 8191
 33i,6n,58p,266b,1705s stack positions out of 5000i,500n,10000p,200000b,50000s
</usr/share/texmf/fonts/type1/pu
blic/amsfonts/cm/cmbx10.pfb></usr/share/texmf/fonts/type1/public/amsfonts/cm/cm
bx12.pfb></usr/share/texmf/fonts/type1/public/amsfonts/cm/cmbx9.pfb></usr/share
/texmf/fonts/type1/public/amsfonts/cm/cmmi10.pfb></usr/share/texmf/fonts/type1/
public/amsfonts/cm/cmmi7.pfb></usr/share/texmf/fonts/type1/public/amsfonts/cm/c
mmi9.pfb></usr/share/texmf/fonts/type1/public/amsfonts/cm/cmr10.pfb></usr/share
/texmf/fonts/type1/public/amsfonts/cm/cmr12.pfb></usr/share/texmf/fonts/type1/p
ublic/amsfonts/cm/cmr17.pfb></usr/share/texmf/fonts/type1/public/amsfonts/cm/cm
r5.pfb></usr/share/texmf/fonts/type1/public/amsfonts/cm/cmr7.pfb></usr/share/te
xmf/fonts/type1/public/amsfonts/cm/cmr9.pfb></usr/share/texmf/fonts/type1/publi
c/amsfonts/cm/cmsy10.pfb></usr/share/texmf/fonts/type1/public/amsfonts/cm/cmsy7
.pfb></usr/share/texmf/fonts/type1/public/amsfonts/cm/cmsy9.pfb></usr/share/tex
mf/fonts/type1/public/amsfonts/cm/cmti9.pfb></usr/share/texmf/fonts/type1/publi
c/amsfonts/cm/cmtt10.pfb></usr/share/texmf/fonts/type1/public/amsfonts/cm/cmtt9
.pfb>
Output written on deschippers1396250faass1407937.pdf (55 pages, 351793 bytes).
PDF statistics:
 255 PDF objects out of 1000 (max. 8388607)
 178 compressed objects within 2 object streams
 0 named destinations out of 1000 (max. 500000)
 1 words of extra memory for PDF output out of 10000 (max. 10000000)

